<?xml version="1.0" encoding="UTF-8" ?>
<testsuite tests="1" failures="1" name="ua.hillel.MyResourceTest" time="0.076" errors="0" skipped="0">
  <properties>
[...]
</properties>
  <testcase classname="ua.hillel.MyResourceTest" name="ua.hillel.MyResourceTest.testGetIt" time="0.076">
    <failure message="Cannot invoke &quot;jakarta.ws.rs.client.WebTarget.path(String)&quot; because &quot;this.target&quot; is null" type="java.lang.NullPointerException">java.lang.NullPointerException: Cannot invoke &quot;jakarta.ws.rs.client.WebTarget.path(String)&quot; because &quot;this.target&quot; is null
	at ua.hillel.MyResourceTest.testGetIt(MyResourceTest.java:45)
</failure>
  </testcase>
</testsuite>