-------------------------------------------------------------------------------
Test set: ua.hillel.MyResourceTest
-------------------------------------------------------------------------------
Tests run: 1, Failures: 1, Errors: 0, Skipped: 0, Time elapsed: 0.082 sec <<< FAILURE!
ua.hillel.MyResourceTest.testGetIt()  Time elapsed: 0.076 sec  <<< FAILURE!
java.lang.NullPointerException: Cannot invoke "jakarta.ws.rs.client.WebTarget.path(String)" because "this.target" is null
	at ua.hillel.MyResourceTest.testGetIt(MyResourceTest.java:45)

